Codigo/app/build/intermediates/manifest_merge_blame_file/debug/processDebugMainManifest/manifest-merger-blame-debug-report.txt
1<?xml version="1.0" encoding="utf-8"?>
2<manifest xmlns:android="http://schemas.android.com/apk/res/android"
3    package="com.example.mitaller"
4    android:versionCode="1"
5    android:versionName="1.0" >
6
7    <uses-sdk
8        android:minSdkVersion="24"
9        android:targetSdkVersion="36" />
10    <!-- 🔒 Permiso de cámara -->
11    <uses-permission android:name="android.permission.CAMERA" />
11-->src\main\AndroidManifest.xml:5:5-65
11-->src\main\AndroidManifest.xml:5:22-62
12    <uses-permission android:name="android.permission.INTERNET" />
12-->src\main\AndroidManifest.xml:6:5-66
12-->src\main\AndroidManifest.xml:6:22-64
13
14    <!-- Although the *SdkVersion is captured in gradle build files, this is required for non gradle builds -->
15    <!-- <uses-sdk android:minSdkVersion="14" /> -->
16    <uses-permission android:name="android.permission.ACCESS_NETWORK_STATE" />
16-->[com.google.firebase:firebase-firestore:24.7.0] AndroidManifest.xml:12:5-79
16-->[com.google.firebase:firebase-firestore:24.7.0] AndroidManifest.xml:12:22-76
17
18    <permission
18-->[androidx.core:core:1.10.1] AndroidManifest.xml:22:5-24:47
19        android:name="com.example.mitaller.DYNAMIC_RECEIVER_NOT_EXPORTED_PERMISSION"
19-->[androidx.core:core:1.10.1] AndroidManifest.xml:23:9-81
20        android:protectionLevel="signature" />
20-->[androidx.core:core:1.10.1] AndroidManifest.xml:24:9-44
21
22    <uses-permission android:name="com.example.mitaller.DYNAMIC_RECEIVER_NOT_EXPORTED_PERMISSION" /> <!-- Don't require camera, as this requires a rear camera. This allows it to work on the Nexus 7 -->
22-->[androidx.core:core:1.10.1] AndroidManifest.xml:26:5-97
22-->[androidx.core:core:1.10.1] AndroidManifest.xml:26:22-94
23    <uses-feature
23-->[com.journeyapps:zxing-android-embedded:4.3.0] AndroidManifest.xml:25:5-27:36
24        android:name="android.hardware.camera"
24-->[com.journeyapps:zxing-android-embedded:4.3.0] AndroidManifest.xml:26:9-47
25        android:required="false" />
25-->[com.journeyapps:zxing-android-embedded:4.3.0] AndroidManifest.xml:27:9-33
26    <uses-feature
26-->[com.journeyapps:zxing-android-embedded:4.3.0] AndroidManifest.xml:28:5-30:36
27        android:name="android.hardware.camera.front"
27-->[com.journeyapps:zxing-android-embedded:4.3.0] AndroidManifest.xml:29:9-53
28        android:required="false" /> <!-- TODO replace above two with next line after Android 4.2 -->
28-->[com.journeyapps:zxing-android-embedded:4.3.0] AndroidManifest.xml:30:9-33
29    <!-- <uses-feature android:name="android.hardware.camera.any"/> -->
30    <uses-feature
30-->[com.journeyapps:zxing-android-embedded:4.3.0] AndroidManifest.xml:33:5-35:36
31        android:name="android.hardware.camera.autofocus"
31-->[com.journeyapps:zxing-android-embedded:4.3.0] AndroidManifest.xml:34:9-57
32        android:required="false" />
32-->[com.journeyapps:zxing-android-embedded:4.3.0] AndroidManifest.xml:35:9-33
33    <uses-feature
33-->[com.journeyapps:zxing-android-embedded:4.3.0] AndroidManifest.xml:36:5-38:36
34        android:name="android.hardware.camera.flash"
34-->[com.journeyapps:zxing-android-embedded:4.3.0] AndroidManifest.xml:37:9-53
35        android:required="false" />
35-->[com.journeyapps:zxing-android-embedded:4.3.0] AndroidManifest.xml:38:9-33
36    <uses-feature
36-->[com.journeyapps:zxing-android-embedded:4.3.0] AndroidManifest.xml:39:5-41:36
37        android:name="android.hardware.screen.landscape"
37-->[com.journeyapps:zxing-android-embedded:4.3.0] AndroidManifest.xml:40:9-57
38        android:required="false" />
38-->[com.journeyapps:zxing-android-embedded:4.3.0] AndroidManifest.xml:41:9-33
39    <uses-feature
39-->[com.journeyapps:zxing-android-embedded:4.3.0] AndroidManifest.xml:42:5-44:36
40        android:name="android.hardware.wifi"
40-->[com.journeyapps:zxing-android-embedded:4.3.0] AndroidManifest.xml:43:9-45
41        android:required="false" />
41-->[com.journeyapps:zxing-android-embedded:4.3.0] AndroidManifest.xml:44:9-33
42
43    <application
43-->src\main\AndroidManifest.xml:9:5-56:19
44        android:allowBackup="true"
44-->src\main\AndroidManifest.xml:10:9-35
45        android:appComponentFactory="androidx.core.app.CoreComponentFactory"
45-->[androidx.core:core:1.10.1] AndroidManifest.xml:28:18-86
46        android:dataExtractionRules="@xml/data_extraction_rules"
46-->src\main\AndroidManifest.xml:11:9-65
47        android:debuggable="true"
48        android:extractNativeLibs="false"
49        android:fullBackupContent="@xml/backup_rules"
49-->src\main\AndroidManifest.xml:12:9-54
50        android:icon="@mipmap/logo"
50-->src\main\AndroidManifest.xml:13:9-36
51        android:label="@string/app_name"
51-->src\main\AndroidManifest.xml:14:9-41
52        android:networkSecurityConfig="@xml/network_security_config"
52-->src\main\AndroidManifest.xml:18:9-69
53        android:roundIcon="@mipmap/logo"
53-->src\main\AndroidManifest.xml:15:9-41
54        android:supportsRtl="true"
54-->src\main\AndroidManifest.xml:16:9-35
55        android:theme="@style/Theme.MiTaller"
55-->src\main\AndroidManifest.xml:19:9-46
56        android:usesCleartextTraffic="true" >
56-->src\main\AndroidManifest.xml:17:9-44
57        <activity
57-->src\main\AndroidManifest.xml:20:5-22:40
58            android:name="com.example.mitaller.ActualizarEstadoActivity"
58-->src\main\AndroidManifest.xml:21:13-53
59            android:exported="false" />
59-->src\main\AndroidManifest.xml:22:13-37
60        <activity
60-->src\main\AndroidManifest.xml:23:9-25:40
61            android:name="com.example.mitaller.ActualizarMaquinaActivity"
61-->src\main\AndroidManifest.xml:24:13-54
62            android:exported="false" />
62-->src\main\AndroidManifest.xml:25:13-37
63        <activity
63-->src\main\AndroidManifest.xml:26:9-28:40
64            android:name="com.example.mitaller.HomeProfesorActivity"
64-->src\main\AndroidManifest.xml:27:13-49
65            android:exported="false" /> <!-- 🔍 Lector QR con ZXing (pantalla vertical) -->
65-->src\main\AndroidManifest.xml:28:13-37
66        <activity
66-->src\main\AndroidManifest.xml:29:9-32:52
67            android:name="com.example.mitaller.ScanQrActivity"
67-->src\main\AndroidManifest.xml:30:13-43
68            android:exported="false"
68-->src\main\AndroidManifest.xml:31:13-37
69            android:screenOrientation="portrait" /> <!-- 📲 Actividad de captura personalizada para ZXing -->
69-->src\main\AndroidManifest.xml:32:13-49
70        <activity
70-->src\main\AndroidManifest.xml:33:9-37:57
71            android:name="com.example.mitaller.PortraitCaptureActivity"
71-->src\main\AndroidManifest.xml:34:13-52
72            android:exported="false"
72-->src\main\AndroidManifest.xml:35:13-37
73            android:screenOrientation="portrait"
73-->src\main\AndroidManifest.xml:36:13-49
74            android:theme="@style/zxing_CaptureTheme" /> <!-- 🚪 Login (inicio de la app) -->
74-->src\main\AndroidManifest.xml:37:13-54
75        <activity
75-->src\main\AndroidManifest.xml:38:9-46:20
76            android:name="com.example.mitaller.LoginActivity"
76-->src\main\AndroidManifest.xml:39:13-42
77            android:exported="true" >
77-->src\main\AndroidManifest.xml:40:13-36
78            <intent-filter>
78-->src\main\AndroidManifest.xml:41:13-45:29
79                <action android:name="android.intent.action.MAIN" />
79-->src\main\AndroidManifest.xml:42:17-69
79-->src\main\AndroidManifest.xml:42:25-66
80
81                <category android:name="android.intent.category.LAUNCHER" />
81-->src\main\AndroidManifest.xml:44:17-77
81-->src\main\AndroidManifest.xml:44:27-74
82            </intent-filter>
83        </activity> <!-- 🧾 Registro -->
84        <activity
84-->src\main\AndroidManifest.xml:47:9-49:40
85            android:name="com.example.mitaller.RegisterActivity"
85-->src\main\AndroidManifest.xml:48:13-45
86            android:exported="false" /> <!-- 🏠 Pantalla principal -->
86-->src\main\AndroidManifest.xml:49:13-37
87        <activity
87-->src\main\AndroidManifest.xml:50:9-52:40
88            android:name="com.example.mitaller.HomeActivity"
88-->src\main\AndroidManifest.xml:51:13-41
89            android:exported="false" /> <!-- ⚠️ Si no usás MainActivity, podés eliminarla -->
89-->src\main\AndroidManifest.xml:52:13-37
90        <activity
90-->src\main\AndroidManifest.xml:53:9-55:40
91            android:name="com.example.mitaller.MainActivity"
91-->src\main\AndroidManifest.xml:54:13-41
92            android:exported="false" />
92-->src\main\AndroidManifest.xml:55:13-37
93
94        <service
94-->[com.google.firebase:firebase-firestore-ktx:24.7.0] AndroidManifest.xml:11:9-17:19
95            android:name="com.google.firebase.components.ComponentDiscoveryService"
95-->[com.google.firebase:firebase-firestore-ktx:24.7.0] AndroidManifest.xml:12:13-84
96            android:directBootAware="true"
96-->[com.google.firebase:firebase-common:20.3.3] AndroidManifest.xml:34:13-43
97            android:exported="false" >
97-->[com.google.firebase:firebase-firestore-ktx:24.7.0] AndroidManifest.xml:13:13-37
98            <meta-data
98-->[com.google.firebase:firebase-firestore-ktx:24.7.0] AndroidManifest.xml:14:13-16:85
99                android:name="com.google.firebase.components:com.google.firebase.firestore.ktx.FirebaseFirestoreKtxRegistrar"
99-->[com.google.firebase:firebase-firestore-ktx:24.7.0] AndroidManifest.xml:15:17-126
100                android:value="com.google.firebase.components.ComponentRegistrar" />
100-->[com.google.firebase:firebase-firestore-ktx:24.7.0] AndroidManifest.xml:16:17-82
101            <meta-data
101-->[com.google.firebase:firebase-auth-ktx:22.1.0] AndroidManifest.xml:11:13-13:85
102                android:name="com.google.firebase.components:com.google.firebase.auth.ktx.FirebaseAuthKtxRegistrar"
102-->[com.google.firebase:firebase-auth-ktx:22.1.0] AndroidManifest.xml:12:17-116
103                android:value="com.google.firebase.components.ComponentRegistrar" />
103-->[com.google.firebase:firebase-auth-ktx:22.1.0] AndroidManifest.xml:13:17-82
104            <meta-data
104-->[com.google.firebase:firebase-common-ktx:20.3.3] AndroidManifest.xml:14:13-16:85
105                android:name="com.google.firebase.components:com.google.firebase.ktx.FirebaseCommonKtxRegistrar"
105-->[com.google.firebase:firebase-common-ktx:20.3.3] AndroidManifest.xml:15:17-113
106                android:value="com.google.firebase.components.ComponentRegistrar" />
106-->[com.google.firebase:firebase-common-ktx:20.3.3] AndroidManifest.xml:16:17-82
107            <meta-data
107-->[com.google.firebase:firebase-firestore:24.7.0] AndroidManifest.xml:19:13-21:85
108                android:name="com.google.firebase.components:com.google.firebase.firestore.FirestoreRegistrar"
108-->[com.google.firebase:firebase-firestore:24.7.0] AndroidManifest.xml:20:17-111
109                android:value="com.google.firebase.components.ComponentRegistrar" />
109-->[com.google.firebase:firebase-firestore:24.7.0] AndroidManifest.xml:21:17-82
110            <meta-data
110-->[com.google.firebase:firebase-auth:22.1.0] AndroidManifest.xml:69:13-71:85
111                android:name="com.google.firebase.components:com.google.firebase.auth.FirebaseAuthRegistrar"
111-->[com.google.firebase:firebase-auth:22.1.0] AndroidManifest.xml:70:17-109
112                android:value="com.google.firebase.components.ComponentRegistrar" />
112-->[com.google.firebase:firebase-auth:22.1.0] AndroidManifest.xml:71:17-82
113        </service>
114        <service
114-->[com.google.android.gms:play-services-mlkit-barcode-scanning:18.1.0] AndroidManifest.xml:9:9-15:19
115            android:name="com.google.mlkit.common.internal.MlKitComponentDiscoveryService"
115-->[com.google.android.gms:play-services-mlkit-barcode-scanning:18.1.0] AndroidManifest.xml:10:13-91
116            android:directBootAware="true"
116-->[com.google.mlkit:common:18.6.0] AndroidManifest.xml:17:13-43
117            android:exported="false" >
117-->[com.google.android.gms:play-services-mlkit-barcode-scanning:18.1.0] AndroidManifest.xml:11:13-37
118            <meta-data
118-->[com.google.android.gms:play-services-mlkit-barcode-scanning:18.1.0] AndroidManifest.xml:12:13-14:85
119                android:name="com.google.firebase.components:com.google.mlkit.vision.barcode.internal.BarcodeRegistrar"
119-->[com.google.android.gms:play-services-mlkit-barcode-scanning:18.1.0] AndroidManifest.xml:13:17-120
120                android:value="com.google.firebase.components.ComponentRegistrar" />
120-->[com.google.android.gms:play-services-mlkit-barcode-scanning:18.1.0] AndroidManifest.xml:14:17-82
121            <meta-data
121-->[com.google.mlkit:vision-common:17.3.0] AndroidManifest.xml:12:13-14:85
122                android:name="com.google.firebase.components:com.google.mlkit.vision.common.internal.VisionCommonRegistrar"
122-->[com.google.mlkit:vision-common:17.3.0] AndroidManifest.xml:13:17-124
123                android:value="com.google.firebase.components.ComponentRegistrar" />
123-->[com.google.mlkit:vision-common:17.3.0] AndroidManifest.xml:14:17-82
124            <meta-data
124-->[com.google.mlkit:common:18.6.0] AndroidManifest.xml:20:13-22:85
125                android:name="com.google.firebase.components:com.google.mlkit.common.internal.CommonComponentRegistrar"
125-->[com.google.mlkit:common:18.6.0] AndroidManifest.xml:21:17-120
126                android:value="com.google.firebase.components.ComponentRegistrar" />
126-->[com.google.mlkit:common:18.6.0] AndroidManifest.xml:22:17-82
127        </service>
128
129        <provider
129-->[com.google.mlkit:common:18.6.0] AndroidManifest.xml:9:9-13:38
130            android:name="com.google.mlkit.common.internal.MlKitInitProvider"
130-->[com.google.mlkit:common:18.6.0] AndroidManifest.xml:10:13-78
131            android:authorities="com.example.mitaller.mlkitinitprovider"
131-->[com.google.mlkit:common:18.6.0] AndroidManifest.xml:11:13-69
132            android:exported="false"
132-->[com.google.mlkit:common:18.6.0] AndroidManifest.xml:12:13-37
133            android:initOrder="99" />
133-->[com.google.mlkit:common:18.6.0] AndroidManifest.xml:13:13-35
134
135        <activity
135-->[com.google.firebase:firebase-auth:22.1.0] AndroidManifest.xml:29:9-46:20
136            android:name="com.google.firebase.auth.internal.GenericIdpActivity"
136-->[com.google.firebase:firebase-auth:22.1.0] AndroidManifest.xml:30:13-80
137            android:excludeFromRecents="true"
137-->[com.google.firebase:firebase-auth:22.1.0] AndroidManifest.xml:31:13-46
138            android:exported="true"
138-->[com.google.firebase:firebase-auth:22.1.0] AndroidManifest.xml:32:13-36
139            android:launchMode="singleTask"
139-->[com.google.firebase:firebase-auth:22.1.0] AndroidManifest.xml:33:13-44
140            android:theme="@android:style/Theme.Translucent.NoTitleBar" >
140-->[com.google.firebase:firebase-auth:22.1.0] AndroidManifest.xml:34:13-72
141            <intent-filter>
141-->[com.google.firebase:firebase-auth:22.1.0] AndroidManifest.xml:35:13-45:29
142                <action android:name="android.intent.action.VIEW" />
142-->[com.google.firebase:firebase-auth:22.1.0] AndroidManifest.xml:36:17-69
142-->[com.google.firebase:firebase-auth:22.1.0] AndroidManifest.xml:36:25-66
143
144                <category android:name="android.intent.category.DEFAULT" />
144-->[com.google.firebase:firebase-auth:22.1.0] AndroidManifest.xml:38:17-76
144-->[com.google.firebase:firebase-auth:22.1.0] AndroidManifest.xml:38:27-73
145                <category android:name="android.intent.category.BROWSABLE" />
145-->[com.google.firebase:firebase-auth:22.1.0] AndroidManifest.xml:39:17-78
145-->[com.google.firebase:firebase-auth:22.1.0] AndroidManifest.xml:39:27-75
146
147                <data
147-->[com.google.firebase:firebase-auth:22.1.0] AndroidManifest.xml:41:17-44:51
148                    android:host="firebase.auth"
148-->[com.google.firebase:firebase-auth:22.1.0] AndroidManifest.xml:42:21-49
149                    android:path="/"
149-->[com.google.firebase:firebase-auth:22.1.0] AndroidManifest.xml:43:21-37
150                    android:scheme="genericidp" />
150-->[com.google.firebase:firebase-auth:22.1.0] AndroidManifest.xml:44:21-48
151            </intent-filter>
152        </activity>
153        <activity
153-->[com.google.firebase:firebase-auth:22.1.0] AndroidManifest.xml:47:9-64:20
154            android:name="com.google.firebase.auth.internal.RecaptchaActivity"
154-->[com.google.firebase:firebase-auth:22.1.0] AndroidManifest.xml:48:13-79
155            android:excludeFromRecents="true"
155-->[com.google.firebase:firebase-auth:22.1.0] AndroidManifest.xml:49:13-46
156            android:exported="true"
156-->[com.google.firebase:firebase-auth:22.1.0] AndroidManifest.xml:50:13-36
157            android:launchMode="singleTask"
157-->[com.google.firebase:firebase-auth:22.1.0] AndroidManifest.xml:51:13-44
158            android:theme="@android:style/Theme.Translucent.NoTitleBar" >
158-->[com.google.firebase:firebase-auth:22.1.0] AndroidManifest.xml:52:13-72
159            <intent-filter>
159-->[com.google.firebase:firebase-auth:22.1.0] AndroidManifest.xml:53:13-63:29
160                <action android:name="android.intent.action.VIEW" />
160-->[com.google.firebase:firebase-auth:22.1.0] AndroidManifest.xml:36:17-69
160-->[com.google.firebase:firebase-auth:22.1.0] AndroidManifest.xml:36:25-66
161
162                <category android:name="android.intent.category.DEFAULT" />
162-->[com.google.firebase:firebase-auth:22.1.0] AndroidManifest.xml:38:17-76
162-->[com.google.firebase:firebase-auth:22.1.0] AndroidManifest.xml:38:27-73
163                <category android:name="android.intent.category.BROWSABLE" />
163-->[com.google.firebase:firebase-auth:22.1.0] AndroidManifest.xml:39:17-78
163-->[com.google.firebase:firebase-auth:22.1.0] AndroidManifest.xml:39:27-75
164
165                <data
165-->[com.google.firebase:firebase-auth:22.1.0] AndroidManifest.xml:41:17-44:51
166                    android:host="firebase.auth"
166-->[com.google.firebase:firebase-auth:22.1.0] AndroidManifest.xml:42:21-49
167                    android:path="/"
167-->[com.google.firebase:firebase-auth:22.1.0] AndroidManifest.xml:43:21-37
168                    android:scheme="recaptcha" />
168-->[com.google.firebase:firebase-auth:22.1.0] AndroidManifest.xml:44:21-48
169            </intent-filter>
170        </activity>
171
172        <provider
172-->[com.google.firebase:firebase-common:20.3.3] AndroidManifest.xml:25:9-30:39
173            android:name="com.google.firebase.provider.FirebaseInitProvider"
173-->[com.google.firebase:firebase-common:20.3.3] AndroidManifest.xml:26:13-77
174            android:authorities="com.example.mitaller.firebaseinitprovider"
174-->[com.google.firebase:firebase-common:20.3.3] AndroidManifest.xml:27:13-72
175            android:directBootAware="true"
175-->[com.google.firebase:firebase-common:20.3.3] AndroidManifest.xml:28:13-43
176            android:exported="false"
176-->[com.google.firebase:firebase-common:20.3.3] AndroidManifest.xml:29:13-37
177            android:initOrder="100" />
177-->[com.google.firebase:firebase-common:20.3.3] AndroidManifest.xml:30:13-36
178
179        <activity
179-->[com.google.android.gms:play-services-base:18.1.0] AndroidManifest.xml:20:9-22:45
180            android:name="com.google.android.gms.common.api.GoogleApiActivity"
180-->[com.google.android.gms:play-services-base:18.1.0] AndroidManifest.xml:20:19-85
181            android:exported="false"
181-->[com.google.android.gms:play-services-base:18.1.0] AndroidManifest.xml:22:19-43
182            android:theme="@android:style/Theme.Translucent.NoTitleBar" />
182-->[com.google.android.gms:play-services-base:18.1.0] AndroidManifest.xml:21:19-78
183
184        <service
184-->[androidx.camera:camera-camera2:1.2.3] AndroidManifest.xml:24:9-33:19
185            android:name="androidx.camera.core.impl.MetadataHolderService"
185-->[androidx.camera:camera-camera2:1.2.3] AndroidManifest.xml:25:13-75
186            android:enabled="false"
186-->[androidx.camera:camera-camera2:1.2.3] AndroidManifest.xml:26:13-36
187            android:exported="false" >
187-->[androidx.camera:camera-camera2:1.2.3] AndroidManifest.xml:27:13-37
188            <meta-data
188-->[androidx.camera:camera-camera2:1.2.3] AndroidManifest.xml:30:13-32:89
189                android:name="androidx.camera.core.impl.MetadataHolderService.DEFAULT_CONFIG_PROVIDER"
189-->[androidx.camera:camera-camera2:1.2.3] AndroidManifest.xml:31:17-103
190                android:value="androidx.camera.camera2.Camera2Config$DefaultProvider" />
190-->[androidx.camera:camera-camera2:1.2.3] AndroidManifest.xml:32:17-86
191        </service>
192
193        <provider
193-->[androidx.emoji2:emoji2:1.2.0] AndroidManifest.xml:24:9-32:20
194            android:name="androidx.startup.InitializationProvider"
194-->[androidx.emoji2:emoji2:1.2.0] AndroidManifest.xml:25:13-67
195            android:authorities="com.example.mitaller.androidx-startup"
195-->[androidx.emoji2:emoji2:1.2.0] AndroidManifest.xml:26:13-68
196            android:exported="false" >
196-->[androidx.emoji2:emoji2:1.2.0] AndroidManifest.xml:27:13-37
197            <meta-data
197-->[androidx.emoji2:emoji2:1.2.0] AndroidManifest.xml:29:13-31:52
198                android:name="androidx.emoji2.text.EmojiCompatInitializer"
198-->[androidx.emoji2:emoji2:1.2.0] AndroidManifest.xml:30:17-75
199                android:value="androidx.startup" />
199-->[androidx.emoji2:emoji2:1.2.0] AndroidManifest.xml:31:17-49
200            <meta-data
200-->[androidx.lifecycle:lifecycle-process:2.6.1] AndroidManifest.xml:29:13-31:52
201                android:name="androidx.lifecycle.ProcessLifecycleInitializer"
201-->[androidx.lifecycle:lifecycle-process:2.6.1] AndroidManifest.xml:30:17-78
202                android:value="androidx.startup" />
202-->[androidx.lifecycle:lifecycle-process:2.6.1] AndroidManifest.xml:31:17-49
203            <meta-data
203-->[androidx.profileinstaller:profileinstaller:1.3.0] AndroidManifest.xml:29:13-31:52
204                android:name="androidx.profileinstaller.ProfileInstallerInitializer"
204-->[androidx.profileinstaller:profileinstaller:1.3.0] AndroidManifest.xml:30:17-85
205                android:value="androidx.startup" />
205-->[androidx.profileinstaller:profileinstaller:1.3.0] AndroidManifest.xml:31:17-49
206        </provider>
207
208        <uses-library
208-->[androidx.window:window:1.0.0] AndroidManifest.xml:25:9-27:40
209            android:name="androidx.window.extensions"
209-->[androidx.window:window:1.0.0] AndroidManifest.xml:26:13-54
210            android:required="false" />
210-->[androidx.window:window:1.0.0] AndroidManifest.xml:27:13-37
211        <uses-library
211-->[androidx.window:window:1.0.0] AndroidManifest.xml:28:9-30:40
212            android:name="androidx.window.sidecar"
212-->[androidx.window:window:1.0.0] AndroidManifest.xml:29:13-51
213            android:required="false" />
213-->[androidx.window:window:1.0.0] AndroidManifest.xml:30:13-37
214
215        <meta-data
215-->[com.google.android.gms:play-services-basement:18.1.0] AndroidManifest.xml:21:9-23:69
216            android:name="com.google.android.gms.version"
216-->[com.google.android.gms:play-services-basement:18.1.0] AndroidManifest.xml:22:13-58
217            android:value="@integer/google_play_services_version" />
217-->[com.google.android.gms:play-services-basement:18.1.0] AndroidManifest.xml:23:13-66
218
219        <receiver
219-->[androidx.profileinstaller:profileinstaller:1.3.0] AndroidManifest.xml:34:9-52:20
220            android:name="androidx.profileinstaller.ProfileInstallReceiver"
220-->[androidx.profileinstaller:profileinstaller:1.3.0] AndroidManifest.xml:35:13-76
221            android:directBootAware="false"
221-->[androidx.profileinstaller:profileinstaller:1.3.0] AndroidManifest.xml:36:13-44
222            android:enabled="true"
222-->[androidx.profileinstaller:profileinstaller:1.3.0] AndroidManifest.xml:37:13-35
223            android:exported="true"
223-->[androidx.profileinstaller:profileinstaller:1.3.0] AndroidManifest.xml:38:13-36
224            android:permission="android.permission.DUMP" >
224-->[androidx.profileinstaller:profileinstaller:1.3.0] AndroidManifest.xml:39:13-57
225            <intent-filter>
225-->[androidx.profileinstaller:profileinstaller:1.3.0] AndroidManifest.xml:40:13-42:29
226                <action android:name="androidx.profileinstaller.action.INSTALL_PROFILE" />
226-->[androidx.profileinstaller:profileinstaller:1.3.0] AndroidManifest.xml:41:17-91
226-->[androidx.profileinstaller:profileinstaller:1.3.0] AndroidManifest.xml:41:25-88
227            </intent-filter>
228            <intent-filter>
228-->[androidx.profileinstaller:profileinstaller:1.3.0] AndroidManifest.xml:43:13-45:29
229                <action android:name="androidx.profileinstaller.action.SKIP_FILE" />
229-->[androidx.profileinstaller:profileinstaller:1.3.0] AndroidManifest.xml:44:17-85
229-->[androidx.profileinstaller:profileinstaller:1.3.0] AndroidManifest.xml:44:25-82
230            </intent-filter>
231            <intent-filter>
231-->[androidx.profileinstaller:profileinstaller:1.3.0] AndroidManifest.xml:46:13-48:29
232                <action android:name="androidx.profileinstaller.action.SAVE_PROFILE" />
232-->[androidx.profileinstaller:profileinstaller:1.3.0] AndroidManifest.xml:47:17-88
232-->[androidx.profileinstaller:profileinstaller:1.3.0] AndroidManifest.xml:47:25-85
233            </intent-filter>
234            <intent-filter>
234-->[androidx.profileinstaller:profileinstaller:1.3.0] AndroidManifest.xml:49:13-51:29
235                <action android:name="androidx.profileinstaller.action.BENCHMARK_OPERATION" />
235-->[androidx.profileinstaller:profileinstaller:1.3.0] AndroidManifest.xml:50:17-95
235-->[androidx.profileinstaller:profileinstaller:1.3.0] AndroidManifest.xml:50:25-92
236            </intent-filter>
237        </receiver>
238
239        <service
239-->[com.google.android.datatransport:transport-backend-cct:2.3.3] AndroidManifest.xml:29:9-35:19
240            android:name="com.google.android.datatransport.runtime.backends.TransportBackendDiscovery"
240-->[com.google.android.datatransport:transport-backend-cct:2.3.3] AndroidManifest.xml:30:13-103
241            android:exported="false" >
241-->[com.google.android.datatransport:transport-backend-cct:2.3.3] AndroidManifest.xml:31:13-37
242            <meta-data
242-->[com.google.android.datatransport:transport-backend-cct:2.3.3] AndroidManifest.xml:32:13-34:39
243                android:name="backend:com.google.android.datatransport.cct.CctBackendFactory"
243-->[com.google.android.datatransport:transport-backend-cct:2.3.3] AndroidManifest.xml:33:17-94
244                android:value="cct" />
244-->[com.google.android.datatransport:transport-backend-cct:2.3.3] AndroidManifest.xml:34:17-36
245        </service>
246        <service
246-->[com.google.android.datatransport:transport-runtime:2.2.6] AndroidManifest.xml:26:9-30:19
247            android:name="com.google.android.datatransport.runtime.scheduling.jobscheduling.JobInfoSchedulerService"
247-->[com.google.android.datatransport:transport-runtime:2.2.6] AndroidManifest.xml:27:13-117
248            android:exported="false"
248-->[com.google.android.datatransport:transport-runtime:2.2.6] AndroidManifest.xml:28:13-37
249            android:permission="android.permission.BIND_JOB_SERVICE" >
249-->[com.google.android.datatransport:transport-runtime:2.2.6] AndroidManifest.xml:29:13-69
250        </service>
251
252        <receiver
252-->[com.google.android.datatransport:transport-runtime:2.2.6] AndroidManifest.xml:32:9-34:40
253            android:name="com.google.android.datatransport.runtime.scheduling.jobscheduling.AlarmManagerSchedulerBroadcastReceiver"
253-->[com.google.android.datatransport:transport-runtime:2.2.6] AndroidManifest.xml:33:13-132
254            android:exported="false" />
254-->[com.google.android.datatransport:transport-runtime:2.2.6] AndroidManifest.xml:34:13-37
255
256        <activity
256-->[com.journeyapps:zxing-android-embedded:4.3.0] AndroidManifest.xml:47:9-53:63
257            android:name="com.journeyapps.barcodescanner.CaptureActivity"
257-->[com.journeyapps:zxing-android-embedded:4.3.0] AndroidManifest.xml:48:13-74
258            android:clearTaskOnLaunch="true"
258-->[com.journeyapps:zxing-android-embedded:4.3.0] AndroidManifest.xml:49:13-45
259            android:screenOrientation="sensorLandscape"
259-->[com.journeyapps:zxing-android-embedded:4.3.0] AndroidManifest.xml:50:13-56
260            android:stateNotNeeded="true"
260-->[com.journeyapps:zxing-android-embedded:4.3.0] AndroidManifest.xml:51:13-42
261            android:theme="@style/zxing_CaptureTheme"
261-->[com.journeyapps:zxing-android-embedded:4.3.0] AndroidManifest.xml:52:13-54
262            android:windowSoftInputMode="stateAlwaysHidden" />
262-->[com.journeyapps:zxing-android-embedded:4.3.0] AndroidManifest.xml:53:13-60
263    </application>
264
265</manifest>